<?xml version="1.0" encoding="UTF-8"?>
<!-- Generated by org.testng.reporters.JUnitReportReporter -->
<testsuite hostname="RT-LT-538" failures="0" tests="1" name="main.main" time="80.554" errors="0" timestamp="2023-07-18T15:51:27 PKT" skipped="0">
  <testcase classname="main.main" name="Successfull_Login" time="80.554"/>
  <system-out>
    <![CDATA[Login is successfull
Login is successfull]]>
  </system-out>
</testsuite> <!-- main.main -->
